<?xml version="1.0" encoding="UTF-8"?>
<!-- Generated by org.testng.reporters.JUnitXMLReporter -->
<testsuite hostname="DESKTOP-G3AH3JT" ignored="1" name="Test1" tests="2" failures="0" timestamp="12 Feb 2019 20:32:26 GMT" time="13.483" errors="0">
  <testcase name="loginToCRM" time="6.482" classname="com.learnautomation.testcases.LOGIN"/>
  <testcase name="testConfig" time="0.002" classname="com.learnautomation.testcases.ConfigTC"/>
  <testcase name="@BeforeSuite beforeSuite" time="0.0" classname="com.learnautomation.pages.BaseClass">
    <ignored/>
  </testcase> <!-- @BeforeSuite beforeSuite -->
</testsuite> <!-- Test1 -->
