<?xml version="1.0" encoding="UTF-8"?>
<testng-results skipped="0" failed="0" ignored="1" total="3" passed="2">
  <reporter-output>
  </reporter-output>
  <suite name="com.learnautomation" duration-ms="13483" started-at="2019-02-12T20:32:12Z" finished-at="2019-02-12T20:32:25Z">
    <groups>
    </groups>
    <test name="Test1" duration-ms="13483" started-at="2019-02-12T20:32:12Z" finished-at="2019-02-12T20:32:25Z">
      <class name="com.learnautomation.testcases.ConfigTC">
        <test-method status="PASS" signature="testConfig()[pri:0, instance:com.learnautomation.testcases.ConfigTC@5ce81285]" name="testConfig" duration-ms="2" started-at="2019-02-12T20:32:25Z" finished-at="2019-02-12T20:32:25Z">
          <reporter-output>
          </reporter-output>
        </test-method> <!-- testConfig -->
      </class> <!-- com.learnautomation.testcases.ConfigTC -->
      <class name="com.learnautomation.testcases.LOGIN">
        <test-method status="PASS" signature="beforeSuite()[pri:0, instance:com.learnautomation.testcases.LOGIN@52a86356]" name="beforeSuite" is-config="true" duration-ms="1023" started-at="2019-02-12T20:32:11Z" finished-at="2019-02-12T20:32:12Z">
          <reporter-output>
          </reporter-output>
        </test-method> <!-- beforeSuite -->
        <test-method status="PASS" signature="setUp()[pri:0, instance:com.learnautomation.testcases.LOGIN@52a86356]" name="setUp" is-config="true" duration-ms="6959" started-at="2019-02-12T20:32:12Z" finished-at="2019-02-12T20:32:19Z">
          <reporter-output>
          </reporter-output>
        </test-method> <!-- setUp -->
        <test-method status="PASS" signature="loginToCRM()[pri:0, instance:com.learnautomation.testcases.LOGIN@52a86356]" name="loginToCRM" duration-ms="6482" started-at="2019-02-12T20:32:19Z" finished-at="2019-02-12T20:32:25Z">
          <reporter-output>
          </reporter-output>
        </test-method> <!-- loginToCRM -->
        <test-method status="PASS" signature="tearDownMethod(org.testng.ITestResult)[pri:0, instance:com.learnautomation.testcases.LOGIN@52a86356]" name="tearDownMethod" is-config="true" duration-ms="3" started-at="2019-02-12T20:32:25Z" finished-at="2019-02-12T20:32:25Z">
          <params>
            <param index="0">
              <value>
                <![CDATA[[TestResult name=loginToCRM status=SUCCESS method=LOGIN.loginToCRM()[pri:0, instance:com.learnautomation.testcases.LOGIN@52a86356] output={null}]]]>
              </value>
            </param>
          </params>
          <reporter-output>
          </reporter-output>
        </test-method> <!-- tearDownMethod -->
      </class> <!-- com.learnautomation.testcases.LOGIN -->
    </test> <!-- Test1 -->
  </suite> <!-- com.learnautomation -->
</testng-results>
