<?xml version="1.0" encoding="UTF-8"?>
<!-- Generated by org.testng.reporters.JUnitXMLReporter -->
<testsuite hostname="DESKTOP-G3AH3JT" ignored="1" name="Test1" tests="2" failures="0" timestamp="12 Feb 2019 20:27:20 GMT" time="0.051" errors="0">
  <testcase name="@BeforeClass setUp" time="0.001" classname="com.learnautomation.pages.BaseClass">
    <failure type="java.lang.NullPointerException">
      <![CDATA[java.lang.NullPointerException
at com.learnautomation.pages.BaseClass.setUp(BaseClass.java:31)
... Removed 26 stack frames]]>
    </failure>
  </testcase> <!-- @BeforeClass setUp -->
  <testcase name="@AfterMethod tearDownMethod" time="0.0" classname="com.learnautomation.pages.BaseClass">
    <skipped/>
  </testcase> <!-- @AfterMethod tearDownMethod -->
  <testcase name="testConfig" time="0.006" classname="com.learnautomation.testcases.ConfigTC"/>
  <testcase name="loginToCRM" time="0.0" classname="com.learnautomation.testcases.LOGIN">
    <skipped/>
  </testcase> <!-- loginToCRM -->
  <testcase name="@BeforeSuite beforeSuite" time="0.0" classname="com.learnautomation.pages.BaseClass">
    <ignored/>
  </testcase> <!-- @BeforeSuite beforeSuite -->
</testsuite> <!-- Test1 -->
